[GIN-debug] GET    /static/*filepath         --> MeTube/vendor/github.com/gin-gonic/gin.(*RouterGroup).createStaticHandler.func1 (3 handlers)
[GIN-debug] HEAD   /static/*filepath         --> MeTube/vendor/github.com/gin-gonic/gin.(*RouterGroup).createStaticHandler.func1 (3 handlers)
[GIN-debug] GET    /                         --> MeTube/routers.loadRouters.func1 (3 handlers)
[GIN-debug] POST   /viewvideo                --> MeTube/controllers.ViewVideo (3 handlers)
[GIN-debug] POST   /getvideocomments         --> MeTube/controllers.GetVideoComments (3 handlers)
[GIN-debug] POST   /comment                  --> MeTube/controllers.CommentAVideo (3 handlers)
[GIN-debug] POST   /reply                    --> MeTube/controllers.ReplyAUser (3 handlers)
[GIN-debug] POST   /replylike                --> MeTube/controllers.ReplyLike (3 handlers)
[GIN-debug] POST   /commentlike              --> MeTube/controllers.CommentLike (3 handlers)
[GIN-debug] GET    /getvideo/:videoid        --> MeTube/controllers.GetVideo (3 handlers)
[GIN-debug] POST   /removecomment            --> MeTube/controllers.RemoveComment (3 handlers)
[GIN-debug] POST   /removereply              --> MeTube/controllers.RemoveReply (3 handlers)
[GIN-debug] POST   /getreplies               --> MeTube/controllers.GetReplies (3 handlers)
[GIN-debug] Listening and serving HTTP on :8081
[GIN] 2020/01/11 - 20:06:46 | 200 |     67.8151ms |             ::1 | GET      /getvideo/52
[GIN] 2020/01/11 - 20:06:46 | 200 |    105.7175ms |             ::1 | POST     /viewvideo
[GIN] 2020/01/11 - 20:06:46 | 200 |     39.8934ms |             ::1 | GET      /getvideo/52
[GIN] 2020/01/11 - 20:06:47 | 200 |    586.2715ms |             ::1 | POST     /getvideocomments
[GIN] 2020/01/11 - 20:07:41 | 200 |    975.5186ms |             ::1 | POST     /getreplies
[GIN] 2020/01/11 - 20:07:51 | 200 |     15.9545ms |             ::1 | GET      /getvideo/52
[GIN] 2020/01/11 - 20:07:51 | 200 |     14.9608ms |             ::1 | GET      /getvideo/52
[GIN] 2020/01/11 - 20:07:51 | 200 |    135.6412ms |             ::1 | POST     /viewvideo
[GIN] 2020/01/11 - 20:07:52 | 200 |    1.4598852s |             ::1 | POST     /getvideocomments
[GIN] 2020/01/11 - 20:07:55 | 200 |      226.27ms |             ::1 | POST     /getreplies
[GIN] 2020/01/11 - 20:08:10 | 200 |     40.8784ms |             ::1 | GET      /getvideo/52
[GIN] 2020/01/11 - 20:08:10 | 200 |    187.5926ms |             ::1 | GET      /getvideo/52
[GIN] 2020/01/11 - 20:08:11 | 200 |    443.0935ms |             ::1 | POST     /viewvideo
[GIN] 2020/01/11 - 20:08:13 | 200 |    2.4917525s |             ::1 | POST     /getvideocomments
[GIN] 2020/01/11 - 20:08:20 | 200 |    748.3415ms |             ::1 | POST     /getreplies
[GIN] 2020/01/11 - 20:10:03 | 200 |    127.5568ms |             ::1 | GET      /getvideo/52
[GIN] 2020/01/11 - 20:10:04 | 200 |     99.7335ms |             ::1 | GET      /getvideo/52
[GIN] 2020/01/11 - 20:10:04 | 200 |     762.498ms |             ::1 | POST     /viewvideo
[GIN] 2020/01/11 - 20:10:06 | 200 |    2.8288294s |             ::1 | POST     /getvideocomments
[GIN] 2020/01/11 - 20:10:10 | 200 |    1.8157229s |             ::1 | POST     /getreplies
[GIN] 2020/01/11 - 20:10:11 | 200 |    1.3037574s |             ::1 | POST     /getreplies
[GIN] 2020/01/11 - 20:10:20 | 200 |    224.5262ms |             ::1 | GET      /getvideo/52
[GIN] 2020/01/11 - 20:10:20 | 200 |     97.7713ms |             ::1 | GET      /getvideo/52
[GIN] 2020/01/11 - 20:10:21 | 200 |    1.0582308s |             ::1 | POST     /viewvideo
[GIN] 2020/01/11 - 20:10:23 | 200 |    3.4416214s |             ::1 | POST     /getvideocomments
[GIN] 2020/01/11 - 20:10:26 | 200 |    753.1076ms |             ::1 | POST     /getreplies
[GIN] 2020/01/11 - 20:12:57 | 200 |     14.9625ms |             ::1 | GET      /getvideo/52
[GIN] 2020/01/11 - 20:12:57 | 200 |     48.8641ms |             ::1 | GET      /getvideo/52
[GIN] 2020/01/11 - 20:12:57 | 200 |      96.738ms |             ::1 | POST     /viewvideo
[GIN] 2020/01/11 - 20:12:58 | 200 |    1.1100213s |             ::1 | POST     /getvideocomments
[GIN] 2020/01/11 - 20:13:00 | 200 |    268.2002ms |             ::1 | POST     /getreplies
[GIN] 2020/01/11 - 20:14:23 | 200 |     19.9165ms |             ::1 | GET      /getvideo/52
[GIN] 2020/01/11 - 20:14:23 | 200 |     13.9905ms |             ::1 | GET      /getvideo/52
[GIN] 2020/01/11 - 20:14:23 | 200 |     156.553ms |             ::1 | POST     /viewvideo
[GIN] 2020/01/11 - 20:14:24 | 200 |    1.2254537s |             ::1 | POST     /getvideocomments
[GIN] 2020/01/11 - 20:15:00 | 200 |    890.2946ms |             ::1 | POST     /getreplies
[GIN] 2020/01/11 - 20:16:58 | 200 |     14.9574ms |             ::1 | GET      /getvideo/52
[GIN] 2020/01/11 - 20:16:58 | 200 |    115.6927ms |             ::1 | GET      /getvideo/52
[GIN] 2020/01/11 - 20:16:59 | 200 |    163.5625ms |             ::1 | POST     /viewvideo
[GIN] 2020/01/11 - 20:17:00 | 200 |    2.0146824s |             ::1 | POST     /getvideocomments
[GIN] 2020/01/11 - 20:17:05 | 200 |    204.9398ms |             ::1 | POST     /getreplies
[GIN] 2020/01/11 - 20:17:12 | 200 |     11.9708ms |             ::1 | GET      /getvideo/52
[GIN] 2020/01/11 - 20:17:12 | 200 |     14.9607ms |             ::1 | GET      /getvideo/52
[GIN] 2020/01/11 - 20:17:12 | 200 |    138.6302ms |             ::1 | POST     /viewvideo
[GIN] 2020/01/11 - 20:17:14 | 200 |    2.2139092s |             ::1 | POST     /getvideocomments
[GIN] 2020/01/11 - 20:17:31 | 200 |    170.7745ms |             ::1 | POST     /getreplies
[GIN] 2020/01/11 - 20:22:54 | 200 |    2.9870558s |             ::1 | POST     /getvideocomments
[GIN] 2020/01/11 - 20:23:08 | 200 |    1.3320102s |             ::1 | POST     /getreplies
[GIN] 2020/01/11 - 20:23:45 | 200 |     51.0633ms |             ::1 | GET      /getvideo/52
[GIN] 2020/01/11 - 20:23:45 | 200 |     19.9736ms |             ::1 | GET      /getvideo/52
[GIN] 2020/01/11 - 20:23:45 | 200 |    224.5819ms |             ::1 | POST     /viewvideo
[GIN] 2020/01/11 - 20:23:47 | 200 |    2.2752852s |             ::1 | POST     /getvideocomments
[GIN] 2020/01/11 - 20:25:26 | 200 |    2.2390816s |             ::1 | POST     /getreplies
[GIN] 2020/01/11 - 20:25:49 | 200 |    122.6687ms |             ::1 | GET      /getvideo/52
[GIN] 2020/01/11 - 20:25:49 | 200 |     16.9531ms |             ::1 | GET      /getvideo/52
[GIN] 2020/01/11 - 20:25:49 | 200 |    280.2504ms |             ::1 | POST     /viewvideo
[GIN] 2020/01/11 - 20:25:51 | 200 |    2.2773958s |             ::1 | POST     /getvideocomments
[GIN] 2020/01/11 - 20:25:52 | 200 |    241.4923ms |             ::1 | POST     /getreplies
[GIN] 2020/01/11 - 20:26:49 | 200 |     58.8416ms |             ::1 | GET      /getvideo/52
[GIN] 2020/01/11 - 20:26:49 | 200 |     68.8163ms |             ::1 | POST     /viewvideo
[GIN] 2020/01/11 - 20:26:49 | 200 |     14.9923ms |             ::1 | GET      /getvideo/52
[GIN] 2020/01/11 - 20:26:51 | 200 |    1.7165056s |             ::1 | POST     /getvideocomments
[GIN] 2020/01/11 - 20:26:55 | 200 |    996.5426ms |             ::1 | POST     /getreplies
[GIN] 2020/01/11 - 20:29:47 | 200 |     14.9608ms |             ::1 | GET      /getvideo/52
[GIN] 2020/01/11 - 20:29:47 | 200 |     13.9636ms |             ::1 | GET      /getvideo/52
[GIN] 2020/01/11 - 20:29:47 | 200 |    134.6098ms |             ::1 | POST     /viewvideo
[GIN] 2020/01/11 - 20:29:48 | 200 |    953.2275ms |             ::1 | POST     /getvideocomments
[GIN] 2020/01/11 - 20:29:51 | 200 |    274.2584ms |             ::1 | POST     /getreplies
[GIN] 2020/01/11 - 20:29:53 | 200 |     74.2016ms |             ::1 | POST     /getreplies
[GIN] 2020/01/11 - 20:29:57 | 200 |    766.8514ms |             ::1 | POST     /getreplies
